<?xml version="1.0" encoding="UTF-8"?>
<testsuite xmlns:xsi="http://www.w3.org/2001/XMLSchema-instance" xsi:noNamespaceSchemaLocation="https://maven.apache.org/surefire/maven-surefire-plugin/xsd/surefire-test-report.xsd" version="3.0.2" name="ext.parse.parsedata.ParsedataApplicationTests" time="3.294" tests="1" errors="0" skipped="0" failures="0" flakes="0">
  <properties>
[...]
</properties>
  <testcase name="contextLoads" classname="ext.parse.parsedata.ParsedataApplicationTests" time="0.984">
    <system-out><![CDATA[17:22:52.431 [main] INFO org.springframework.test.context.support.AnnotationConfigContextLoaderUtils -- Could not detect default configuration classes for test class [ext.parse.parsedata.ParsedataApplicationTests]: ParsedataApplicationTests does not declare any static, non-private, non-final, nested classes annotated with @Configuration.
17:22:52.537 [main] INFO org.springframework.boot.test.context.SpringBootTestContextBootstrapper -- Found @SpringBootConfiguration ext.parse.parsedata.ParsedataApplication for test class ext.parse.parsedata.ParsedataApplicationTests
17:22:52.653 [main] INFO org.springframework.test.context.support.AnnotationConfigContextLoaderUtils -- Could not detect default configuration classes for test class [ext.parse.parsedata.ParsedataApplicationTests]: ParsedataApplicationTests does not declare any static, non-private, non-final, nested classes annotated with @Configuration.
17:22:52.654 [main] INFO org.springframework.boot.test.context.SpringBootTestContextBootstrapper -- Found @SpringBootConfiguration ext.parse.parsedata.ParsedataApplication for test class ext.parse.parsedata.ParsedataApplicationTests

  .   ____          _            __ _ _
 /\\ / ___'_ __ _ _(_)_ __  __ _ \ \ \ \
( ( )\___ | '_ | '_| | '_ \/ _` | \ \ \ \
 \\/  ___)| |_)| | | | | || (_| |  ) ) ) )
  '  |____| .__|_| |_|_| |_\__, | / / / /
 =========|_|==============|___/=/_/_/_/

 :: Spring Boot ::                (v4.0.6)

2026-05-04T17:22:53.041+08:00  INFO 37952 --- [parsedata] [           main] e.p.parsedata.ParsedataApplicationTests  : Starting ParsedataApplicationTests using Java 17.0.15 with PID 37952 (started by PerryChiou in C:\Users\perrychiou\Desktop\各家BU專案資料\【AI Side Project】\parseData\parsedata)
2026-05-04T17:22:53.043+08:00  INFO 37952 --- [parsedata] [           main] e.p.parsedata.ParsedataApplicationTests  : No active profile set, falling back to 1 default profile: "default"
2026-05-04T17:22:54.448+08:00  INFO 37952 --- [parsedata] [           main] e.p.parsedata.ParsedataApplicationTests  : Started ParsedataApplicationTests in 1.73 seconds (process running for 3.44)
]]></system-out>
  </testcase>
</testsuite>